2025-10-14 09:10:25,033 - INFO - 脚本启动
2025-10-14 09:10:25,033 - INFO - 正在加载沪深300指数数据 index_data/000300.csv...
2025-10-14 09:10:25,040 - INFO - 成功加载沪深300指数数据，记录数: 3403
2025-10-14 09:10:25,040 - INFO - 开始获取基金数据...
2025-10-14 09:10:25,040 - INFO - 正在解析 recommended_cn_funds.csv 获取推荐基金代码...
2025-10-14 09:10:25,158 - INFO - 提取到 10 个基金代码: ['000017', '000270', '000354', '000390', '000404', '000411', '000457', '000531', '000534', '000541']
2025-10-14 09:10:25,158 - INFO - 当前北京时间: 2025-10-14 17:10:25, 期望最新数据日期: 2025-10-13
2025-10-14 09:10:25,158 - DEBUG - 处理基金 000017...
2025-10-14 09:10:25,161 - INFO - 成功读取本地数据 fund_data/000017.csv，记录数: 3036
2025-10-14 09:10:25,162 - INFO - 基金 000017 本地数据满足要求，跳过网络请求，记录数: 3036
2025-10-14 09:10:25,162 - INFO - 开始计算基金 000017 的技术指标...
2025-10-14 09:10:25,168 - INFO - 基金 000017 沪深300趋势: 空头趋势
2025-10-14 09:10:25,168 - INFO - 基金 000017 技术指标计算完成: 行动信号=强卖出/规避, 投资建议=观察
2025-10-14 09:10:25,168 - DEBUG - 处理基金 000270...
2025-10-14 09:10:25,171 - INFO - 成功读取本地数据 fund_data/000270.csv，记录数: 2905
2025-10-14 09:10:25,172 - INFO - 基金 000270 本地数据满足要求，跳过网络请求，记录数: 2905
2025-10-14 09:10:25,172 - INFO - 开始计算基金 000270 的技术指标...
2025-10-14 09:10:25,177 - INFO - 基金 000270 沪深300趋势: 空头趋势
2025-10-14 09:10:25,177 - INFO - 基金 000270 技术指标计算完成: 行动信号=强卖出/规避, 投资建议=观察
2025-10-14 09:10:25,177 - DEBUG - 处理基金 000354...
2025-10-14 09:10:25,180 - INFO - 成功读取本地数据 fund_data/000354.csv，记录数: 2868
2025-10-14 09:10:25,181 - INFO - 基金 000354 本地数据满足要求，跳过网络请求，记录数: 2868
2025-10-14 09:10:25,181 - INFO - 开始计算基金 000354 的技术指标...
2025-10-14 09:10:25,186 - INFO - 基金 000354 沪深300趋势: 空头趋势
2025-10-14 09:10:25,186 - INFO - 基金 000354 技术指标计算完成: 行动信号=强卖出/规避, 投资建议=观察
2025-10-14 09:10:25,186 - DEBUG - 处理基金 000390...
2025-10-14 09:10:25,189 - INFO - 成功读取本地数据 fund_data/000390.csv，记录数: 2875
2025-10-14 09:10:25,190 - INFO - 基金 000390 本地数据满足要求，跳过网络请求，记录数: 2875
2025-10-14 09:10:25,190 - INFO - 开始计算基金 000390 的技术指标...
2025-10-14 09:10:25,196 - INFO - 基金 000390 沪深300趋势: 空头趋势
2025-10-14 09:10:25,196 - INFO - 基金 000390 技术指标计算完成: 行动信号=强卖出/规避, 投资建议=观察
2025-10-14 09:10:25,196 - DEBUG - 处理基金 000404...
2025-10-14 09:10:25,199 - INFO - 成功读取本地数据 fund_data/000404.csv，记录数: 2892
2025-10-14 09:10:25,199 - INFO - 基金 000404 本地数据满足要求，跳过网络请求，记录数: 2892
2025-10-14 09:10:25,199 - INFO - 开始计算基金 000404 的技术指标...
2025-10-14 09:10:25,204 - INFO - 基金 000404 沪深300趋势: 空头趋势
2025-10-14 09:10:25,204 - INFO - 基金 000404 技术指标计算完成: 行动信号=强卖出/规避, 投资建议=观察
2025-10-14 09:10:25,205 - DEBUG - 处理基金 000411...
2025-10-14 09:10:25,208 - INFO - 成功读取本地数据 fund_data/000411.csv，记录数: 2866
2025-10-14 09:10:25,208 - INFO - 基金 000411 本地数据满足要求，跳过网络请求，记录数: 2866
2025-10-14 09:10:25,208 - INFO - 开始计算基金 000411 的技术指标...
2025-10-14 09:10:25,213 - INFO - 基金 000411 沪深300趋势: 空头趋势
2025-10-14 09:10:25,213 - INFO - 基金 000411 技术指标计算完成: 行动信号=强卖出/规避, 投资建议=观察
2025-10-14 09:10:25,213 - DEBUG - 处理基金 000457...
2025-10-14 09:10:25,216 - INFO - 成功读取本地数据 fund_data/000457.csv，记录数: 2817
2025-10-14 09:10:25,217 - INFO - 基金 000457 本地数据满足要求，跳过网络请求，记录数: 2817
2025-10-14 09:10:25,217 - INFO - 开始计算基金 000457 的技术指标...
2025-10-14 09:10:25,222 - INFO - 基金 000457 沪深300趋势: 空头趋势
2025-10-14 09:10:25,222 - INFO - 基金 000457 技术指标计算完成: 行动信号=强卖出/规避, 投资建议=观察
2025-10-14 09:10:25,222 - DEBUG - 处理基金 000531...
2025-10-14 09:10:25,225 - INFO - 成功读取本地数据 fund_data/000531.csv，记录数: 2780
2025-10-14 09:10:25,225 - INFO - 基金 000531 本地数据满足要求，跳过网络请求，记录数: 2780
2025-10-14 09:10:25,225 - INFO - 开始计算基金 000531 的技术指标...
2025-10-14 09:10:25,230 - INFO - 基金 000531 沪深300趋势: 空头趋势
2025-10-14 09:10:25,230 - INFO - 基金 000531 技术指标计算完成: 行动信号=强卖出/规避, 投资建议=观察
2025-10-14 09:10:25,231 - DEBUG - 处理基金 000534...
2025-10-14 09:10:25,234 - INFO - 成功读取本地数据 fund_data/000534.csv，记录数: 2797
2025-10-14 09:10:25,234 - INFO - 基金 000534 本地数据满足要求，跳过网络请求，记录数: 2797
2025-10-14 09:10:25,234 - INFO - 开始计算基金 000534 的技术指标...
2025-10-14 09:10:25,240 - INFO - 基金 000534 沪深300趋势: 空头趋势
2025-10-14 09:10:25,240 - INFO - 基金 000534 技术指标计算完成: 行动信号=强卖出/规避, 投资建议=观察
2025-10-14 09:10:25,240 - DEBUG - 处理基金 000541...
2025-10-14 09:10:25,243 - INFO - 成功读取本地数据 fund_data/000541.csv，记录数: 2801
2025-10-14 09:10:25,243 - INFO - 基金 000541 本地数据满足要求，跳过网络请求，记录数: 2801
2025-10-14 09:10:25,243 - INFO - 开始计算基金 000541 的技术指标...
2025-10-14 09:10:25,249 - INFO - 基金 000541 沪深300趋势: 空头趋势
2025-10-14 09:10:25,249 - INFO - 基金 000541 技术指标计算完成: 行动信号=强卖出/规避, 投资建议=观察
2025-10-14 09:10:25,249 - INFO - 需从网络获取数据的基金数: 0
2025-10-14 09:10:25,250 - INFO - 正在生成市场监控报告...
2025-10-14 09:10:25,259 - INFO - 报告生成完成: market_monitor_report.md
2025-10-14 09:10:25,259 - INFO - 脚本执行完成
